<?xml version="1.0" encoding="UTF-8"?>
<!-- Generated by org.testng.reporters.JUnitReportReporter -->
<testsuite skipped="0" hostname="PF0Q7VST-BLR" name="in.licious.test.ExoticCOD" tests="1" failures="0" timestamp="08 Jun 2018 04:41:36 GMT" time="162.947" errors="0">
  <testcase name="testexotic" time="162.947" classname="in.licious.test.ExoticCOD"/>
</testsuite> <!-- in.licious.test.ExoticCOD -->
