<?xml version="1.0" encoding="UTF-8"?>
<!-- Generated by org.testng.reporters.JUnitReportReporter -->
<testsuite skipped="0" hostname="PF0Q7VST-BLR" name="in.licious.test.MarinadesCOD" tests="1" failures="0" timestamp="05 Jun 2018 02:38:36 GMT" time="109.612" errors="0">
  <testcase name="testmarinadescod" time="109.612" classname="in.licious.test.MarinadesCOD"/>
</testsuite> <!-- in.licious.test.MarinadesCOD -->
