<?xml version="1.0" encoding="UTF-8"?>
<!-- Generated by org.testng.reporters.JUnitReportReporter -->
<testsuite skipped="0" hostname="PF0Q7VST-BLR" name="in.licious.test.PicklesCOD" tests="1" failures="0" timestamp="07 Jun 2018 04:41:29 GMT" time="143.973" errors="0">
  <testcase name="testpickles" time="143.973" classname="in.licious.test.PicklesCOD"/>
</testsuite> <!-- in.licious.test.PicklesCOD -->
