<?xml version="1.0" encoding="UTF-8"?>
<!-- Generated by org.testng.reporters.JUnitReportReporter -->
<testsuite skipped="0" hostname="PF0Q7VST-BLR" name="in.licious.test.RedMeatsCOD" tests="1" failures="0" timestamp="27 Mar 2018 07:17:47 GMT" time="90.496" errors="0">
  <testcase name="testredmeatscod" time="90.496" classname="in.licious.test.RedMeatsCOD"/>
</testsuite> <!-- in.licious.test.RedMeatsCOD -->
