<?xml version="1.0" encoding="UTF-8"?>
<!-- Generated by org.testng.reporters.JUnitReportReporter -->
<testsuite skipped="0" hostname="PF0Q7VST-BLR" name="in.licious.test.RedMeatsCOD" tests="1" failures="0" timestamp="08 Jun 2018 04:10:55 GMT" time="88.418" errors="0">
  <testcase name="testredmeatscod" time="88.418" classname="in.licious.test.RedMeatsCOD"/>
</testsuite> <!-- in.licious.test.RedMeatsCOD -->
