<?xml version="1.0" encoding="UTF-8"?>
<!-- Generated by org.testng.reporters.JUnitReportReporter -->
<testsuite skipped="0" hostname="PF0Q7VST-BLR" name="in.licious.test.PicklesCOD" tests="1" failures="0" timestamp="05 Jun 2018 02:42:30 GMT" time="92.166" errors="0">
  <testcase name="testpickles" time="92.166" classname="in.licious.test.PicklesCOD"/>
</testsuite> <!-- in.licious.test.PicklesCOD -->
