<?xml version="1.0" encoding="UTF-8"?>
<!-- Generated by org.testng.reporters.JUnitReportReporter -->
<testsuite skipped="0" hostname="PF0Q7VST-BLR" name="in.licious.test.FishandSeafoodNetBanking" tests="1" failures="0" timestamp="02 Jul 2018 07:01:05 GMT" time="94.319" errors="0">
  <testcase name="testfishandseafood" time="94.319" classname="in.licious.test.FishandSeafoodNetBanking"/>
</testsuite> <!-- in.licious.test.FishandSeafoodNetBanking -->
