<?xml version="1.0" encoding="UTF-8"?>
<!-- Generated by org.testng.reporters.JUnitReportReporter -->
<testsuite skipped="0" hostname="PF0Q7VST-BLR" name="in.licious.test.ChickenNetBanking" tests="1" failures="0" timestamp="02 Jul 2018 06:46:15 GMT" time="88.644" errors="0">
  <testcase name="testChicken" time="88.644" classname="in.licious.test.ChickenNetBanking"/>
</testsuite> <!-- in.licious.test.ChickenNetBanking -->
