<?xml version="1.0" encoding="UTF-8"?>
<!-- Generated by org.testng.reporters.JUnitReportReporter -->
<testsuite skipped="0" hostname="PF0Q7VST-BLR" name="in.licious.test.EggsCOD" tests="1" failures="0" timestamp="04 Jul 2018 11:51:40 GMT" time="81.763" errors="0">
  <testcase name="testeggscod" time="81.763" classname="in.licious.test.EggsCOD"/>
</testsuite> <!-- in.licious.test.EggsCOD -->
