<?xml version="1.0" encoding="UTF-8"?>
<!-- Generated by org.testng.reporters.JUnitReportReporter -->
<testsuite skipped="0" hostname="PF0Q7VST-BLR" name="in.licious.test.ColdCutsCOD" tests="1" failures="0" timestamp="05 Jun 2018 12:25:17 GMT" time="115.726" errors="0">
  <testcase name="testcoldcuts" time="115.726" classname="in.licious.test.ColdCutsCOD"/>
</testsuite> <!-- in.licious.test.ColdCutsCOD -->
