<?xml version="1.0" encoding="UTF-8"?>
<!-- Generated by org.testng.reporters.JUnitReportReporter -->
<testsuite skipped="0" hostname="PF0Q7VST-BLR" name="in.licious.test.RedMeatsCOD" tests="1" failures="0" timestamp="05 Jun 2018 02:46:06 GMT" time="104.151" errors="0">
  <testcase name="testredmeatscod" time="104.151" classname="in.licious.test.RedMeatsCOD"/>
</testsuite> <!-- in.licious.test.RedMeatsCOD -->
