<?xml version="1.0" encoding="UTF-8"?>
<!-- Generated by org.testng.reporters.JUnitReportReporter -->
<testsuite skipped="0" hostname="PF0Q7VST-BLR" name="in.licious.test.ChickenPOD" tests="1" failures="0" timestamp="02 Jul 2018 10:44:25 GMT" time="77.038" errors="0">
  <testcase name="testChicken" time="77.038" classname="in.licious.test.ChickenPOD"/>
</testsuite> <!-- in.licious.test.ChickenPOD -->
