<?xml version="1.0" encoding="UTF-8"?>
<!-- Generated by org.testng.reporters.JUnitReportReporter -->
<testsuite skipped="0" hostname="PF0Q7VST-BLR" name="in.licious.test.EggsCOD" tests="1" failures="0" timestamp="03 Jun 2018 11:31:57 GMT" time="126.892" errors="0">
  <testcase name="testeggscod" time="126.892" classname="in.licious.test.EggsCOD"/>
</testsuite> <!-- in.licious.test.EggsCOD -->
