<?xml version="1.0" encoding="UTF-8"?>
<!-- Generated by org.testng.reporters.JUnitReportReporter -->
<testsuite skipped="0" hostname="PF0Q7VST-BLR" name="in.licious.test.TestNGgroups" tests="3" failures="0" timestamp="17 Mar 2018 13:33:38 GMT" time="0.013" errors="0">
  <testcase name="testCaseTwo" time="0.002" classname="in.licious.test.TestNGgroups"/>
  <testcase name="testCaseOne" time="0.001" classname="in.licious.test.TestNGgroups"/>
  <testcase name="testCaseFour" time="0.010" classname="in.licious.test.TestNGgroups"/>
</testsuite> <!-- in.licious.test.TestNGgroups -->
