<?xml version="1.0" encoding="UTF-8"?>
<!-- Generated by org.testng.reporters.JUnitReportReporter -->
<testsuite skipped="0" hostname="PF0Q7VST-BLR" name="in.licious.test.Chicken" tests="1" failures="0" timestamp="26 Mar 2018 09:39:47 GMT" time="152.737" errors="0">
  <testcase name="testChicken" time="152.737" classname="in.licious.test.Chicken"/>
</testsuite> <!-- in.licious.test.Chicken -->
