<?xml version="1.0" encoding="UTF-8"?>
<!-- Generated by org.testng.reporters.JUnitReportReporter -->
<testsuite skipped="0" hostname="PF0Q7VST-BLR" name="in.licious.test.FishandSeafoodCOD" tests="1" failures="0" timestamp="05 Jun 2018 15:01:48 GMT" time="121.377" errors="0">
  <testcase name="testfishandseafood" time="121.377" classname="in.licious.test.FishandSeafoodCOD"/>
</testsuite> <!-- in.licious.test.FishandSeafoodCOD -->
