<?xml version="1.0" encoding="UTF-8"?>
<!-- Generated by org.testng.reporters.JUnitReportReporter -->
<testsuite skipped="0" hostname="PF0Q7VST-BLR" name="in.licious.test.ExoticCOD" tests="1" failures="0" timestamp="05 Jun 2018 02:33:46 GMT" time="100.828" errors="0">
  <testcase name="testexotic" time="100.828" classname="in.licious.test.ExoticCOD"/>
</testsuite> <!-- in.licious.test.ExoticCOD -->
