<?xml version="1.0" encoding="UTF-8"?>
<!-- Generated by org.testng.reporters.JUnitReportReporter -->
<testsuite skipped="0" hostname="PF0Q7VST-BLR" name="in.licious.test.WeekendTreatsCOD" tests="1" failures="0" timestamp="05 Jun 2018 13:08:10 GMT" time="111.203" errors="0">
  <testcase name="testcoldcuts" time="111.203" classname="in.licious.test.WeekendTreatsCOD"/>
</testsuite> <!-- in.licious.test.WeekendTreatsCOD -->
