<?xml version="1.0" encoding="UTF-8"?>
<!-- Generated by org.testng.reporters.JUnitReportReporter -->
<testsuite skipped="0" hostname="PF0Q7VST-BLR" name="in.licious.test.Chicken" tests="1" failures="0" timestamp="03 Jul 2018 06:48:32 GMT" time="79.642" errors="0">
  <testcase name="testChicken" time="79.642" classname="in.licious.test.Chicken"/>
</testsuite> <!-- in.licious.test.Chicken -->
