<?xml version="1.0" encoding="UTF-8"?>
<!-- Generated by org.testng.reporters.JUnitReportReporter -->
<testsuite skipped="0" hostname="PF0Q7VST-BLR" name="in.licious.test.Chicken" tests="1" failures="0" timestamp="07 Jun 2018 11:49:44 GMT" time="155.359" errors="0">
  <testcase name="testChicken" time="155.359" classname="in.licious.test.Chicken"/>
</testsuite> <!-- in.licious.test.Chicken -->
