<?xml version="1.0" encoding="UTF-8"?>
<!-- Generated by org.testng.reporters.JUnitReportReporter -->
<testsuite skipped="0" hostname="PF0Q7VST-BLR" name="in.licious.test.MarinadesCOD" tests="1" failures="0" timestamp="20 Mar 2018 12:29:50 GMT" time="85.609" errors="0">
  <testcase name="testmarinadescod" time="85.609" classname="in.licious.test.MarinadesCOD"/>
</testsuite> <!-- in.licious.test.MarinadesCOD -->
